2025-01-16 14:35:53.475 +02:00 [INF] Now listening on: http://localhost:5000
2025-01-16 14:35:53.484 +02:00 [INF] Application started. Press Ctrl+C to shut down.
2025-01-16 14:35:53.485 +02:00 [INF] Hosting environment: Production
2025-01-16 14:35:53.485 +02:00 [INF] Content root path: C:\temp\pdf.js
2025-01-16 14:36:09.935 +02:00 [INF] Request starting HTTP/1.1 GET http://localhost:5000/swagger/index.html - null null
2025-01-16 14:36:10.079 +02:00 [INF] HTTP GET /swagger/index.html responded 200 in 132.3750 ms
2025-01-16 14:36:10.083 +02:00 [INF] Request finished HTTP/1.1 GET http://localhost:5000/swagger/index.html - 200 null text/html;charset=utf-8 149.1808ms
2025-01-16 14:36:10.114 +02:00 [INF] Request starting HTTP/1.1 GET http://localhost:5000/swagger/swagger-ui.css - null null
2025-01-16 14:36:10.124 +02:00 [INF] Request starting HTTP/1.1 GET http://localhost:5000/swagger/swagger-ui-bundle.js - null null
2025-01-16 14:36:10.124 +02:00 [INF] Request starting HTTP/1.1 GET http://localhost:5000/swagger/swagger-ui-standalone-preset.js - null null
2025-01-16 14:36:10.154 +02:00 [INF] Sending file. Request path: '/swagger-ui-standalone-preset.js'. Physical path: 'N/A'
2025-01-16 14:36:10.154 +02:00 [INF] Sending file. Request path: '/swagger-ui.css'. Physical path: 'N/A'
2025-01-16 14:36:10.154 +02:00 [INF] Sending file. Request path: '/swagger-ui-bundle.js'. Physical path: 'N/A'
2025-01-16 14:36:10.156 +02:00 [INF] HTTP GET /swagger/swagger-ui-standalone-preset.js responded 200 in 30.3127 ms
2025-01-16 14:36:10.156 +02:00 [INF] HTTP GET /swagger/swagger-ui-bundle.js responded 200 in 30.3050 ms
2025-01-16 14:36:10.156 +02:00 [INF] HTTP GET /swagger/swagger-ui.css responded 200 in 41.0813 ms
2025-01-16 14:36:10.157 +02:00 [INF] Request finished HTTP/1.1 GET http://localhost:5000/swagger/swagger-ui.css - 200 144929 text/css 42.8685ms
2025-01-16 14:36:10.157 +02:00 [INF] Request finished HTTP/1.1 GET http://localhost:5000/swagger/swagger-ui-bundle.js - 200 1061536 text/javascript 32.6853ms
2025-01-16 14:36:10.157 +02:00 [INF] Request finished HTTP/1.1 GET http://localhost:5000/swagger/swagger-ui-standalone-preset.js - 200 312163 text/javascript 32.412ms
2025-01-16 14:36:10.353 +02:00 [INF] Request starting HTTP/1.1 GET http://localhost:5000/swagger/v1/swagger.json - null null
2025-01-16 14:36:10.394 +02:00 [INF] Request starting HTTP/1.1 GET http://localhost:5000/swagger/favicon-32x32.png - null null
2025-01-16 14:36:10.395 +02:00 [INF] Sending file. Request path: '/favicon-32x32.png'. Physical path: 'N/A'
2025-01-16 14:36:10.395 +02:00 [INF] HTTP GET /swagger/favicon-32x32.png responded 200 in 0.6901 ms
2025-01-16 14:36:10.396 +02:00 [INF] Request finished HTTP/1.1 GET http://localhost:5000/swagger/favicon-32x32.png - 200 628 image/png 2.1071ms
2025-01-16 14:36:10.482 +02:00 [INF] HTTP GET /swagger/v1/swagger.json responded 200 in 128.3409 ms
2025-01-16 14:36:10.482 +02:00 [INF] Request finished HTTP/1.1 GET http://localhost:5000/swagger/v1/swagger.json - 200 null application/json;charset=utf-8 128.8719ms
2025-01-16 14:36:19.910 +02:00 [INF] Application is shutting down...
